<?xml version="1.0" encoding="UTF-8"?>
<!-- Generated by org.testng.reporters.JUnitReportReporter -->
<testsuite skipped="0" hostname="UdayVM" name="Trimax.firstTest" tests="1" failures="0" timestamp="11 Jul 2018 11:52:18 GMT" time="8.029" errors="0">
  <testcase name="test" time="8.029" classname="Trimax.firstTest"/>
</testsuite> <!-- Trimax.firstTest -->
